{
  "RSpec": {
    "coverage": {
      "/home/belizario/Documents/GitHub/Desafio_FEC/Desafio_FEC/app/helpers/application_helper.rb": {
        "lines": [
          1,
          null
        ]
      },
      "/home/belizario/Documents/GitHub/Desafio_FEC/Desafio_FEC/app/helpers/emprestimos_helper.rb": {
        "lines": [
          1,
          null
        ]
      },
      "/home/belizario/Documents/GitHub/Desafio_FEC/Desafio_FEC/app/helpers/notebooks_helper.rb": {
        "lines": [
          1,
          null
        ]
      },
      "/home/belizario/Documents/GitHub/Desafio_FEC/Desafio_FEC/app/models/emprestimo.rb": {
        "lines": [
          1,
          1,
          null,
          1,
          1,
          null,
          1,
          null,
          1,
          7,
          null,
          3,
          3,
          3,
          null,
          2,
          2,
          null,
          2,
          2,
          null,
          0,
          null,
          null,
          null,
          1,
          null,
          1,
          null,
          1,
          0,
          null,
          0,
          null,
          0,
          null,
          0,
          null,
          null,
          null
        ]
      },
      "/home/belizario/Documents/GitHub/Desafio_FEC/Desafio_FEC/app/models/application_record.rb": {
        "lines": [
          1,
          1,
          null
        ]
      },
      "/home/belizario/Documents/GitHub/Desafio_FEC/Desafio_FEC/app/controllers/emprestimos_controller.rb": {
        "lines": [
          1,
          1,
          1,
          null,
          1,
          0,
          0,
          null,
          0,
          0,
          0,
          null,
          null,
          null,
          null,
          null,
          null,
          null,
          null,
          null,
          null,
          null,
          0,
          null,
          null,
          1,
          0,
          null,
          0,
          0,
          0,
          0,
          0,
          null,
          null,
          null,
          null,
          1,
          0,
          null,
          0,
          null,
          0,
          null,
          0,
          null,
          0,
          null,
          null,
          0,
          0,
          null,
          0,
          null,
          null,
          null,
          1,
          null,
          1,
          0,
          0,
          null,
          0,
          null,
          null,
          null,
          1,
          null,
          1,
          0,
          0,
          null,
          null,
          1,
          null,
          1,
          0,
          null,
          null,
          1,
          0,
          null,
          null,
          1,
          0,
          null,
          null,
          null,
          null,
          null,
          null
        ]
      },
      "/home/belizario/Documents/GitHub/Desafio_FEC/Desafio_FEC/app/controllers/application_controller.rb": {
        "lines": [
          1,
          null,
          1,
          null
        ]
      },
      "/home/belizario/Documents/GitHub/Desafio_FEC/Desafio_FEC/app/controllers/notebooks_controller.rb": {
        "lines": [
          1,
          1,
          null,
          1,
          0,
          0,
          0,
          null,
          null,
          null,
          null,
          0,
          null,
          null,
          null,
          1,
          0,
          null,
          null,
          1,
          0,
          null,
          0,
          0,
          0,
          0,
          null,
          0,
          0,
          null,
          null,
          null,
          null,
          1,
          0,
          0,
          0,
          0,
          null,
          0,
          0,
          null,
          null,
          null,
          null,
          1,
          0,
          0,
          0,
          0,
          0,
          null,
          null,
          0,
          0,
          0,
          0,
          null,
          null,
          null,
          1,
          null,
          1,
          0,
          null,
          null,
          1,
          0,
          null,
          null,
          null,
          null,
          null
        ]
      },
      "/home/belizario/Documents/GitHub/Desafio_FEC/Desafio_FEC/app/models/notebook.rb": {
        "lines": [
          1,
          1,
          null,
          1,
          null,
          1,
          null,
          1,
          null,
          1,
          null,
          1,
          null,
          1,
          20,
          null,
          null
        ]
      },
      "/home/belizario/Documents/GitHub/Desafio_FEC/Desafio_FEC/app/jobs/application_job.rb": {
        "lines": [
          0,
          null,
          null,
          null,
          null,
          null,
          0
        ],
        "branches": {}
      },
      "/home/belizario/Documents/GitHub/Desafio_FEC/Desafio_FEC/app/mailers/application_mailer.rb": {
        "lines": [
          0,
          0,
          0,
          0
        ],
        "branches": {}
      }
    },
    "timestamp": 1752503398
  }
}
